<?xml version="1.0" encoding="UTF-8" ?>
<testsuite failures="0" time="1.9" errors="0" skipped="0" tests="12" name="com.g7.fantasma.personalidades.TestBuscadorTemperamentalCazador">
  <properties>
[...]
</properties>
  <testcase time="0.336" classname="com.g7.fantasma.personalidades.TestBuscadorTemperamentalCazador" name="fantasmaBuscadorTemperamentalNivelTresDejaDeVerAlPacManYSeAcercaALaUltimaPosicionPacMan"/>
  <testcase time="0.238" classname="com.g7.fantasma.personalidades.TestBuscadorTemperamentalCazador" name="fantasmaBuscadorTemperamentalNivelDosLlegaALaUltimaPosicionPacManYSeSigueMoviendo"/>
  <testcase time="0.014" classname="com.g7.fantasma.personalidades.TestBuscadorTemperamentalCazador" name="fantasmaBuscadorTemperamentalNivelUnoNoVePacManYSeMueve"/>
  <testcase time="0.268" classname="com.g7.fantasma.personalidades.TestBuscadorTemperamentalCazador" name="fantasmaBuscadorTemperamentalNivelTresVePacManYSeAcerca"/>
  <testcase time="0.164" classname="com.g7.fantasma.personalidades.TestBuscadorTemperamentalCazador" name="fantasmaBuscadorTemperamentalNivelTresNoVePacManYSeMueve"/>
  <testcase time="0.008" classname="com.g7.fantasma.personalidades.TestBuscadorTemperamentalCazador" name="fantasmaBuscadorTemperamentalNivelUnoVePacManYSeAcerca"/>
  <testcase time="0.083" classname="com.g7.fantasma.personalidades.TestBuscadorTemperamentalCazador" name="fantasmaBuscadorTemperamentalNivelDosNoVePacManYSeMueve"/>
  <testcase time="0.131" classname="com.g7.fantasma.personalidades.TestBuscadorTemperamentalCazador" name="fantasmaBuscadorTemperamentalNivelUnoLlegaALaUltimaPosicionPacManYSeSigueMoviendo"/>
  <testcase time="0.157" classname="com.g7.fantasma.personalidades.TestBuscadorTemperamentalCazador" name="fantasmaBuscadorTemperamentalNivelDosDejaDeVerAlPacManYSeAcercaALaUltimaPosicionPacMan"/>
  <testcase time="0.042" classname="com.g7.fantasma.personalidades.TestBuscadorTemperamentalCazador" name="fantasmaBuscadorTemperamentalNivelUnoDejaDeVerAlPacManYSeAcercaALaUltimaPosicionPacMan"/>
  <testcase time="0.142" classname="com.g7.fantasma.personalidades.TestBuscadorTemperamentalCazador" name="fantasmaBuscadorTemperamentalNivelDosVePacManYSeAcerca"/>
  <testcase time="0.317" classname="com.g7.fantasma.personalidades.TestBuscadorTemperamentalCazador" name="fantasmaBuscadorTemperamentalNivelTresLlegaALaUltimaPosicionPacManYSeSigueMoviendo"/>
</testsuite>